# JRE version: Java(TM) SE Runtime Environment (8.0_31-b13) (build 1.8.0_31-b13)
# Java VM: Java HotSpot(TM) 64-Bit Server VM (25.31-b07 mixed mode windows-amd64 compressed oops)
Heap:
 PSYoungGen      total 150016K, used 64595K [0x00000000d5d00000, 0x00000000e3580000, 0x0000000100000000)
  eden space 109056K, 21% used [0x00000000d5d00000,0x00000000d7464ae8,0x00000000dc780000)
  from space 40960K, 99% used [0x00000000e0d80000,0x00000000e3530378,0x00000000e3580000)
  to   space 54272K, 0% used [0x00000000dcb80000,0x00000000dcb80000,0x00000000e0080000)
 ParOldGen       total 171008K, used 84750K [0x0000000081600000, 0x000000008bd00000, 0x00000000d5d00000)
  object space 171008K, 49% used [0x0000000081600000,0x00000000868c3a38,0x000000008bd00000)
 Metaspace       used 16336K, capacity 16530K, committed 16896K, reserved 1064960K
  class space    used 1482K, capacity 1529K, committed 1536K, reserved 1048576K
GC Heap History (10 events):
Event: 1.239 GC heap before
{Heap before GC invocations=3 (full 0):
 PSYoungGen      total 38400K, used 38368K [0x00000000d5d00000, 0x00000000da800000, 0x0000000100000000)
  eden space 33280K, 100% used [0x00000000d5d00000,0x00000000d7d80000,0x00000000d7d80000)
  from space 5120K, 99% used [0x00000000d8280000,0x00000000d87780a0,0x00000000d8780000)
  to   space 5120K, 0% used [0x00000000d7d80000,0x00000000d7d80000,0x00000000d8280000)
 ParOldGen       total 87552K, used 5216K [0x0000000081600000, 0x0000000086b80000, 0x00000000d5d00000)
  object space 87552K, 5% used [0x0000000081600000,0x0000000081b18230,0x0000000086b80000)
 Metaspace       used 15764K, capacity 16014K, committed 16384K, reserved 1064960K
  class space    used 1469K, capacity 1529K, committed 1536K, reserved 1048576K
Event: 1.256 GC heap after
Heap after GC invocations=3 (full 0):
 PSYoungGen      total 38400K, used 5104K [0x00000000d5d00000, 0x00000000da800000, 0x0000000100000000)
  eden space 33280K, 0% used [0x00000000d5d00000,0x00000000d5d00000,0x00000000d7d80000)
  from space 5120K, 99% used [0x00000000d7d80000,0x00000000d827c070,0x00000000d8280000)
  to   space 5120K, 0% used [0x00000000da300000,0x00000000da300000,0x00000000da800000)
 ParOldGen       total 87552K, used 25168K [0x0000000081600000, 0x0000000086b80000, 0x00000000d5d00000)
  object space 87552K, 28% used [0x0000000081600000,0x0000000082e94230,0x0000000086b80000)
 Metaspace       used 15764K, capacity 16014K, committed 16384K, reserved 1064960K
  class space    used 1469K, capacity 1529K, committed 1536K, reserved 1048576K
}
Event: 1.321 GC heap before
{Heap before GC invocations=4 (full 0):
 PSYoungGen      total 38400K, used 38384K [0x00000000d5d00000, 0x00000000da800000, 0x0000000100000000)
  eden space 33280K, 100% used [0x00000000d5d00000,0x00000000d7d80000,0x00000000d7d80000)
  from space 5120K, 99% used [0x00000000d7d80000,0x00000000d827c070,0x00000000d8280000)
  to   space 5120K, 0% used [0x00000000da300000,0x00000000da300000,0x00000000da800000)
 ParOldGen       total 87552K, used 25168K [0x0000000081600000, 0x0000000086b80000, 0x00000000d5d00000)
  object space 87552K, 28% used [0x0000000081600000,0x0000000082e94230,0x0000000086b80000)
 Metaspace       used 15764K, capacity 16014K, committed 16384K, reserved 1064960K
  class space    used 1469K, capacity 1529K, committed 1536K, reserved 1048576K
Event: 1.339 GC heap after
Heap after GC invocations=4 (full 0):
 PSYoungGen      total 71680K, used 5104K [0x00000000d5d00000, 0x00000000da800000, 0x0000000100000000)
  eden space 66560K, 0% used [0x00000000d5d00000,0x00000000d5d00000,0x00000000d9e00000)
  from space 5120K, 99% used [0x00000000da300000,0x00000000da7fc070,0x00000000da800000)
  to   space 5120K, 0% used [0x00000000d9e00000,0x00000000d9e00000,0x00000000da300000)
 ParOldGen       total 87552K, used 45328K [0x0000000081600000, 0x0000000086b80000, 0x00000000d5d00000)
  object space 87552K, 51% used [0x0000000081600000,0x0000000084244230,0x0000000086b80000)
 Metaspace       used 15764K, capacity 16014K, committed 16384K, reserved 1064960K
  class space    used 1469K, capacity 1529K, committed 1536K, reserved 1048576K
}
Event: 3.621 GC heap before
{Heap before GC invocations=5 (full 0):
 PSYoungGen      total 71680K, used 71664K [0x00000000d5d00000, 0x00000000da800000, 0x0000000100000000)
  eden space 66560K, 100% used [0x00000000d5d00000,0x00000000d9e00000,0x00000000d9e00000)
  from space 5120K, 99% used [0x00000000da300000,0x00000000da7fc070,0x00000000da800000)
  to   space 5120K, 0% used [0x00000000d9e00000,0x00000000d9e00000,0x00000000da300000)
 ParOldGen       total 87552K, used 45328K [0x0000000081600000, 0x0000000086b80000, 0x00000000d5d00000)
  object space 87552K, 51% used [0x0000000081600000,0x0000000084244230,0x0000000086b80000)
 Metaspace       used 16274K, capacity 16462K, committed 16640K, reserved 1064960K
  class space    used 1479K, capacity 1529K, committed 1536K, reserved 1048576K
Event: 3.652 GC heap after
Heap after GC invocations=5 (full 0):
 PSYoungGen      total 71680K, used 5113K [0x00000000d5d00000, 0x00000000e3c00000, 0x0000000100000000)
  eden space 66560K, 0% used [0x00000000d5d00000,0x00000000d5d00000,0x00000000d9e00000)
  from space 5120K, 99% used [0x00000000d9e00000,0x00000000da2fe5b0,0x00000000da300000)
  to   space 47616K, 0% used [0x00000000e0d80000,0x00000000e0d80000,0x00000000e3c00000)
 ParOldGen       total 87552K, used 81711K [0x0000000081600000, 0x0000000086b80000, 0x00000000d5d00000)
  object space 87552K, 93% used [0x0000000081600000,0x00000000865cbe08,0x0000000086b80000)
 Metaspace       used 16274K, capacity 16462K, committed 16640K, reserved 1064960K
  class space    used 1479K, capacity 1529K, committed 1536K, reserved 1048576K
}
Event: 3.653 GC heap before
{Heap before GC invocations=6 (full 1):
 PSYoungGen      total 71680K, used 5113K [0x00000000d5d00000, 0x00000000e3c00000, 0x0000000100000000)
  eden space 66560K, 0% used [0x00000000d5d00000,0x00000000d5d00000,0x00000000d9e00000)
  from space 5120K, 99% used [0x00000000d9e00000,0x00000000da2fe5b0,0x00000000da300000)
  to   space 47616K, 0% used [0x00000000e0d80000,0x00000000e0d80000,0x00000000e3c00000)
 ParOldGen       total 87552K, used 81711K [0x0000000081600000, 0x0000000086b80000, 0x00000000d5d00000)
  object space 87552K, 93% used [0x0000000081600000,0x00000000865cbe08,0x0000000086b80000)
 Metaspace       used 16274K, capacity 16462K, committed 16640K, reserved 1064960K
  class space    used 1479K, capacity 1529K, committed 1536K, reserved 1048576K
Event: 3.897 GC heap after
Heap after GC invocations=6 (full 1):
 PSYoungGen      total 71680K, used 0K [0x00000000d5d00000, 0x00000000e3c00000, 0x0000000100000000)
  eden space 66560K, 0% used [0x00000000d5d00000,0x00000000d5d00000,0x00000000d9e00000)
  from space 5120K, 0% used [0x00000000d9e00000,0x00000000d9e00000,0x00000000da300000)
  to   space 47616K, 0% used [0x00000000e0d80000,0x00000000e0d80000,0x00000000e3c00000)
 ParOldGen       total 171008K, used 84750K [0x0000000081600000, 0x000000008bd00000, 0x00000000d5d00000)
  object space 171008K, 49% used [0x0000000081600000,0x00000000868c3a38,0x000000008bd00000)
 Metaspace       used 16273K, capacity 16460K, committed 16640K, reserved 1064960K
  class space    used 1479K, capacity 1528K, committed 1536K, reserved 1048576K
}
Event: 6.580 GC heap before
{Heap before GC invocations=7 (full 1):
 PSYoungGen      total 71680K, used 66560K [0x00000000d5d00000, 0x00000000e3c00000, 0x0000000100000000)
  eden space 66560K, 100% used [0x00000000d5d00000,0x00000000d9e00000,0x00000000d9e00000)
  from space 5120K, 0% used [0x00000000d9e00000,0x00000000d9e00000,0x00000000da300000)
  to   space 47616K, 0% used [0x00000000e0d80000,0x00000000e0d80000,0x00000000e3c00000)
 ParOldGen       total 171008K, used 84750K [0x0000000081600000, 0x000000008bd00000, 0x00000000d5d00000)
  object space 171008K, 49% used [0x0000000081600000,0x00000000868c3a38,0x000000008bd00000)
 Metaspace       used 16274K, capacity 16460K, committed 16640K, reserved 1064960K
  class space    used 1479K, capacity 1528K, committed 1536K, reserved 1048576K
Event: 6.614 GC heap after
Heap after GC invocations=7 (full 1):
 PSYoungGen      total 150016K, used 40640K [0x00000000d5d00000, 0x00000000e3580000, 0x0000000100000000)
  eden space 109056K, 0% used [0x00000000d5d00000,0x00000000d5d00000,0x00000000dc780000)
  from space 40960K, 99% used [0x00000000e0d80000,0x00000000e3530378,0x00000000e3580000)
  to   space 54272K, 0% used [0x00000000dcb80000,0x00000000dcb80000,0x00000000e0080000)
 ParOldGen       total 171008K, used 84750K [0x0000000081600000, 0x000000008bd00000, 0x00000000d5d00000)
  object space 171008K, 49% used [0x0000000081600000,0x00000000868c3a38,0x000000008bd00000)
 Metaspace       used 16274K, capacity 16460K, committed 16640K, reserved 1064960K
  class space    used 1479K, capacity 1528K, committed 1536K, reserved 1048576K
}

